
--------------------------------------------------
2024-10-18 00:43:43: [INFO] - 
Welcome to the RMI Key-Value Store Client
--------------------------------------------------

--------------------------------------------------
2024-10-18 00:43:43: [INFO] - 
Pre-populated 5 key-value pairs:

--------------------------------------------------

--------------------------------------------------
2024-10-18 00:43:43: [INFO] - 
What would you like to do? 
1. Add a key-value pair
2. Get a value by key
3. Delete a key-value pair
4. Exit
Enter your choice:

--------------------------------------------------

--------------------------------------------------
2024-10-18 00:43:50: [INFO] - 
Enter the key (in lowercase):
--------------------------------------------------

--------------------------------------------------
2024-10-18 00:43:51: [INFO] - Diya
--------------------------------------------------

--------------------------------------------------
2024-10-18 00:43:51: [INFO] - 
What would you like to do? 
1. Add a key-value pair
2. Get a value by key
3. Delete a key-value pair
4. Exit
Enter your choice:

--------------------------------------------------

--------------------------------------------------
2024-10-18 00:44:21: [INFO] - 
Enter the key (in lowercase):
--------------------------------------------------

--------------------------------------------------
2024-10-18 00:44:22: [INFO] - 
Enter the value (use underscore between multi-word values):
--------------------------------------------------

--------------------------------------------------
2024-10-18 00:44:23: [INFO] - Key already exists. Updating value for key: name
--------------------------------------------------

--------------------------------------------------
2024-10-18 00:44:23: [INFO] - 
What would you like to do? 
1. Add a key-value pair
2. Get a value by key
3. Delete a key-value pair
4. Exit
Enter your choice:

--------------------------------------------------

--------------------------------------------------
2024-10-18 00:44:27: [INFO] - 
Enter the key (in lowercase):
--------------------------------------------------

--------------------------------------------------
2024-10-18 00:44:28: [INFO] - Diya
--------------------------------------------------

--------------------------------------------------
2024-10-18 00:44:28: [INFO] - 
What would you like to do? 
1. Add a key-value pair
2. Get a value by key
3. Delete a key-value pair
4. Exit
Enter your choice:

--------------------------------------------------

--------------------------------------------------
2024-10-18 00:44:33: [INFO] - 
Enter the key (in lowercase):
--------------------------------------------------

--------------------------------------------------
2024-10-18 00:44:34: [INFO] - 
Enter the value (use underscore between multi-word values):
--------------------------------------------------

--------------------------------------------------
2024-10-18 00:44:36: [INFO] - PUT successful: pet = dog
--------------------------------------------------

--------------------------------------------------
2024-10-18 00:44:36: [INFO] - 
What would you like to do? 
1. Add a key-value pair
2. Get a value by key
3. Delete a key-value pair
4. Exit
Enter your choice:

--------------------------------------------------

--------------------------------------------------
2024-10-18 00:44:38: [INFO] - 
Enter the key (in lowercase):
--------------------------------------------------

--------------------------------------------------
2024-10-18 00:44:39: [INFO] - dog
--------------------------------------------------

--------------------------------------------------
2024-10-18 00:44:39: [INFO] - 
What would you like to do? 
1. Add a key-value pair
2. Get a value by key
3. Delete a key-value pair
4. Exit
Enter your choice:

--------------------------------------------------

--------------------------------------------------
2024-10-18 00:44:44: [INFO] - 
Enter the key (in lowercase):
--------------------------------------------------

--------------------------------------------------
2024-10-18 00:44:45: [INFO] - DELETE successful: pet
--------------------------------------------------

--------------------------------------------------
2024-10-18 00:44:45: [INFO] - 
What would you like to do? 
1. Add a key-value pair
2. Get a value by key
3. Delete a key-value pair
4. Exit
Enter your choice:

--------------------------------------------------

--------------------------------------------------
2024-10-18 00:44:47: [INFO] - 
Enter the key (in lowercase):
--------------------------------------------------

--------------------------------------------------
2024-10-18 00:44:48: [INFO] - Key not found: pet
--------------------------------------------------

--------------------------------------------------
2024-10-18 00:44:48: [INFO] - 
What would you like to do? 
1. Add a key-value pair
2. Get a value by key
3. Delete a key-value pair
4. Exit
Enter your choice:

--------------------------------------------------

--------------------------------------------------
2024-10-18 00:44:52: [INFO] - You need to perform 3 more PUT, 1 GET, and 4 DELETE operations before exiting
--------------------------------------------------

--------------------------------------------------
2024-10-18 00:44:52: [INFO] - 
What would you like to do? 
1. Add a key-value pair
2. Get a value by key
3. Delete a key-value pair
4. Exit
Enter your choice:

--------------------------------------------------

--------------------------------------------------
2024-10-18 00:45:01: [INFO] - 
Enter the key (in lowercase):
--------------------------------------------------

--------------------------------------------------
2024-10-18 00:45:02: [INFO] - 
Enter the value (use underscore between multi-word values):
--------------------------------------------------

--------------------------------------------------
2024-10-18 00:45:03: [INFO] - Key already exists. Updating value for key: age
--------------------------------------------------

--------------------------------------------------
2024-10-18 00:45:03: [INFO] - 
What would you like to do? 
1. Add a key-value pair
2. Get a value by key
3. Delete a key-value pair
4. Exit
Enter your choice:

--------------------------------------------------

--------------------------------------------------
2024-10-18 00:45:07: [INFO] - 
Enter the key (in lowercase):
--------------------------------------------------

--------------------------------------------------
2024-10-18 00:45:10: [INFO] - 25
--------------------------------------------------

--------------------------------------------------
2024-10-18 00:45:10: [INFO] - 
What would you like to do? 
1. Add a key-value pair
2. Get a value by key
3. Delete a key-value pair
4. Exit
Enter your choice:

--------------------------------------------------

--------------------------------------------------
2024-10-18 00:45:15: [INFO] - You need to perform 2 more PUT, 0 GET, and 4 DELETE operations before exiting
--------------------------------------------------

--------------------------------------------------
2024-10-18 00:45:15: [INFO] - 
What would you like to do? 
1. Add a key-value pair
2. Get a value by key
3. Delete a key-value pair
4. Exit
Enter your choice:

--------------------------------------------------

--------------------------------------------------
2024-10-18 00:45:21: [INFO] - 
Enter the key (in lowercase):
--------------------------------------------------

--------------------------------------------------
2024-10-18 00:45:23: [INFO] - 
Enter the value (use underscore between multi-word values):
--------------------------------------------------

--------------------------------------------------
2024-10-18 00:45:26: [INFO] - PUT successful: pet = cat
--------------------------------------------------

--------------------------------------------------
2024-10-18 00:45:26: [INFO] - 
What would you like to do? 
1. Add a key-value pair
2. Get a value by key
3. Delete a key-value pair
4. Exit
Enter your choice:

--------------------------------------------------

--------------------------------------------------
2024-10-18 00:45:27: [INFO] - 
Enter the key (in lowercase):
--------------------------------------------------

--------------------------------------------------
2024-10-18 00:45:28: [INFO] - DELETE successful: pet
--------------------------------------------------

--------------------------------------------------
2024-10-18 00:45:28: [INFO] - 
What would you like to do? 
1. Add a key-value pair
2. Get a value by key
3. Delete a key-value pair
4. Exit
Enter your choice:

--------------------------------------------------

--------------------------------------------------
2024-10-18 00:45:29: [INFO] - 
Enter the key (in lowercase):
--------------------------------------------------

--------------------------------------------------
2024-10-18 00:45:30: [INFO] - 
Enter the value (use underscore between multi-word values):
--------------------------------------------------

--------------------------------------------------
2024-10-18 00:45:31: [INFO] - PUT successful: pet = cat
--------------------------------------------------

--------------------------------------------------
2024-10-18 00:45:31: [INFO] - 
What would you like to do? 
1. Add a key-value pair
2. Get a value by key
3. Delete a key-value pair
4. Exit
Enter your choice:

--------------------------------------------------

--------------------------------------------------
2024-10-18 00:45:32: [INFO] - 
Enter the key (in lowercase):
--------------------------------------------------

--------------------------------------------------
2024-10-18 00:45:33: [INFO] - DELETE successful: pet
--------------------------------------------------

--------------------------------------------------
2024-10-18 00:45:33: [INFO] - 
What would you like to do? 
1. Add a key-value pair
2. Get a value by key
3. Delete a key-value pair
4. Exit
Enter your choice:

--------------------------------------------------

--------------------------------------------------
2024-10-18 00:45:34: [INFO] - You need to perform 0 more PUT, 0 GET, and 2 DELETE operations before exiting
--------------------------------------------------

--------------------------------------------------
2024-10-18 00:45:34: [INFO] - 
What would you like to do? 
1. Add a key-value pair
2. Get a value by key
3. Delete a key-value pair
4. Exit
Enter your choice:

--------------------------------------------------

--------------------------------------------------
2024-10-18 00:45:38: [INFO] - 
Enter the key (in lowercase):
--------------------------------------------------

--------------------------------------------------
2024-10-18 00:45:39: [INFO] - DELETE successful: name
--------------------------------------------------

--------------------------------------------------
2024-10-18 00:45:39: [INFO] - 
What would you like to do? 
1. Add a key-value pair
2. Get a value by key
3. Delete a key-value pair
4. Exit
Enter your choice:

--------------------------------------------------

--------------------------------------------------
2024-10-18 00:45:40: [INFO] - 
Enter the key (in lowercase):
--------------------------------------------------

--------------------------------------------------
2024-10-18 00:45:41: [INFO] - DELETE successful: city
--------------------------------------------------

--------------------------------------------------
2024-10-18 00:45:41: [INFO] - 
What would you like to do? 
1. Add a key-value pair
2. Get a value by key
3. Delete a key-value pair
4. Exit
Enter your choice:

--------------------------------------------------

--------------------------------------------------
2024-10-18 00:45:43: [INFO] - Exiting...
--------------------------------------------------

--------------------------------------------------
2024-10-18 00:45:43: [INFO] - EXIT
--------------------------------------------------
